<?xml version="1.0" encoding="UTF-8"?>
<!-- Generated by org.testng.reporters.JUnitXMLReporter -->
<testsuite ignored="0" hostname="LE15-AHA5-1IND" failures="0" tests="3" name="Test1" time="0.085" errors="0" timestamp="2023-11-15T11:51:09 IST">
  <testcase classname="test.day7" name="MobileSignoutCarLoan" time="0.02"/>
  <testcase classname="test.day7" name="MobileSignoutCarLoan" time="0.003"/>
  <testcase classname="test.day7" name="MobileSignoutCarLoan" time="0.003"/>
</testsuite> <!-- Test1 -->
