<?xml version="1.0" encoding="UTF-8"?>
<!-- Generated by org.testng.reporters.JUnitXMLReporter -->
<testsuite ignored="1" hostname="LE15-AHA5-1IND" failures="0" tests="4" name="Test" time="0.067" errors="0" timestamp="2023-11-11T16:37:27 IST">
  <testcase classname="test.day5" name="APIloginCarLoan" time="0.01"/>
  <testcase classname="test.day5" name="MobileSigninCarLoan" time="0.001"/>
  <testcase classname="test.day5" name="MobileSignoutCarLoan" time="0.001"/>
  <testcase classname="test.day5" name="MobileloginCarLoan" time="0.002"/>
  <testcase classname="test.day5" name="WebloginCarLoan" time="0.0">
    <ignored/>
  </testcase> <!-- WebloginCarLoan -->
</testsuite> <!-- Test -->
