<?xml version="1.0" encoding="UTF-8"?>
<testng-results ignored="0" total="1" passed="1" failed="0" skipped="0">
  <reporter-output>
  </reporter-output>
  <suite started-at="2023-11-17T21:27:22 IST" name="Default suite" finished-at="2023-11-17T21:27:39 IST" duration-ms="17736">
    <groups>
    </groups>
    <test started-at="2023-11-17T21:27:22 IST" name="Default test" finished-at="2023-11-17T21:27:39 IST" duration-ms="17736">
      <class name="ExtentReport.Test1">
        <test-method is-config="true" signature="ExtentReport()[pri:0, instance:ExtentReport.Test1@62230c58]" started-at="2023-11-17T21:27:22 IST" name="ExtentReport" finished-at="2023-11-17T21:27:22 IST" duration-ms="507" status="PASS">
          <reporter-output>
          </reporter-output>
        </test-method> <!-- ExtentReport -->
        <test-method signature="UC1()[pri:0, instance:ExtentReport.Test1@62230c58]" started-at="2023-11-17T21:27:22 IST" name="UC1" finished-at="2023-11-17T21:27:39 IST" duration-ms="17194" status="PASS">
          <reporter-output>
          </reporter-output>
        </test-method> <!-- UC1 -->
      </class> <!-- ExtentReport.Test1 -->
    </test> <!-- Default test -->
  </suite> <!-- Default suite -->
</testng-results>
