<?xml version="1.0" encoding="UTF-8"?>
<!-- Generated by org.testng.reporters.JUnitXMLReporter -->
<testsuite ignored="0" hostname="LE15-AHA5-1IND" failures="0" tests="3" name="Homeloan" time="0.012" errors="0" timestamp="2023-11-11T14:41:57 IST">
  <testcase classname="test.day4" name="APIloginHomeLoan" time="0.002"/>
  <testcase classname="test.day4" name="MobileloginHomeLoan" time="0.001"/>
  <testcase classname="test.day4" name="WebloginHomeLoan" time="0.002"/>
</testsuite> <!-- Homeloan -->
